<?xml version="1.0" encoding="UTF-8"?>
<testsuite name="cambioMonedaStaticTest.CambioMonedaStaticTest" tests="3" skipped="0" failures="0" errors="0" timestamp="2022-02-18T20:22:17" hostname="ERICK-MARTINEZ" time="0.058">
  <properties/>
  <testcase name="verifyCambioA()" classname="cambioMonedaStaticTest.CambioMonedaStaticTest" time="0.052"/>
  <testcase name="verifyCambioB()" classname="cambioMonedaStaticTest.CambioMonedaStaticTest" time="0.002"/>
  <testcase name="verifyCambioC()" classname="cambioMonedaStaticTest.CambioMonedaStaticTest" time="0.001"/>
  <system-out><![CDATA[]]></system-out>
  <system-err><![CDATA[]]></system-err>
</testsuite>
